[2026-06-04 11:25:14] laravel.EMERGENCY: Unable to create configured logger. Using emergency logger. {"exception":"[object] (InvalidArgumentException(code: 0): Driver [flare] is not supported. at C:/Users/Pro Book/Desktop/school_fixed/vendor/laravel/framework/src/Illuminate/Log/LogManager.php:225)
[stacktrace]
#0 C:/Users/Pro Book/Desktop/school_fixed/vendor/laravel/framework/src/Illuminate/Log/LogManager.php(137): Illuminate/Log/LogManager->resolve('flare', Array)
#1 C:/Users/Pro Book/Desktop/school_fixed/vendor/laravel/framework/src/Illuminate/Log/LogManager.php(124): Illuminate/Log/LogManager->get('flare')
#2 C:/Users/Pro Book/Desktop/school_fixed/vendor/laravel/framework/src/Illuminate/Log/LogManager.php(113): Illuminate/Log/LogManager->driver('flare')
#3 C:/Users/Pro Book/Desktop/school_fixed/vendor/laravel/framework/src/Illuminate/Log/LogManager.php(267): Illuminate/Log/LogManager->channel('flare')
#4 [internal function]: Illuminate/Log/LogManager->Illuminate/Log/{closure}('flare', 1)
#5 C:/Users/Pro Book/Desktop/school_fixed/vendor/laravel/framework/src/Illuminate/Collections/Arr.php(600): array_map(Object(Closure), Array, Array)
#6 C:/Users/Pro Book/Desktop/school_fixed/vendor/laravel/framework/src/Illuminate/Collections/Collection.php(778): Illuminate/Support/Arr::map(Array, Object(Closure))
#7 C:/Users/Pro Book/Desktop/school_fixed/vendor/laravel/framework/src/Illuminate/Collections/Traits/EnumeratesValues.php(404): Illuminate/Support/Collection->map(Object(Closure))
#8 C:/Users/Pro Book/Desktop/school_fixed/vendor/laravel/framework/src/Illuminate/Log/LogManager.php(264): Illuminate/Support/Collection->flatMap(Object(Closure))
#9 C:/Users/Pro Book/Desktop/school_fixed/vendor/laravel/framework/src/Illuminate/Log/LogManager.php(222): Illuminate/Log/LogManager->createStackDriver(Array)
#10 C:/Users/Pro Book/Desktop/school_fixed/vendor/laravel/framework/src/Illuminate/Log/LogManager.php(137): Illuminate/Log/LogManager->resolve('stack', Array)
#11 C:/Users/Pro Book/Desktop/school_fixed/vendor/laravel/framework/src/Illuminate/Log/LogManager.php(124): Illuminate/Log/LogManager->get('stack')
#12 C:/Users/Pro Book/Desktop/school_fixed/vendor/laravel/framework/src/Illuminate/Log/LogManager.php(681): Illuminate/Log/LogManager->driver()
#13 C:/Users/Pro Book/Desktop/school_fixed/vendor/laravel/framework/src/Illuminate/Foundation/Exceptions/Handler.php(317): Illuminate/Log/LogManager->error('include(C://User...', Array)
#14 C:/Users/Pro Book/Desktop/school_fixed/vendor/laravel/framework/src/Illuminate/Foundation/Exceptions/Handler.php(278): Illuminate/Foundation/Exceptions/Handler->reportThrowable(Object(ErrorException))
#15 C:/Users/Pro Book/Desktop/school_fixed/vendor/laravel/framework/src/Illuminate/Foundation/Console/Kernel.php(523): Illuminate/Foundation/Exceptions/Handler->report(Object(ErrorException))
#16 C:/Users/Pro Book/Desktop/school_fixed/vendor/laravel/framework/src/Illuminate/Foundation/Console/Kernel.php(203): Illuminate/Foundation/Console/Kernel->reportException(Object(ErrorException))
#17 Command line code(1): Illuminate/Foundation/Console/Kernel->handle(Object(Symfony/Component/Console/Input/ArgvInput), Object(Symfony/Component/Console/Output/ConsoleOutput))
#18 {main}
"} 
[2026-06-04 11:25:14] laravel.EMERGENCY: Unable to create configured logger. Using emergency logger. {"exception":"[object] (InvalidArgumentException(code: 0): Driver [flare] is not supported. at C:/Users/Pro Book/Desktop/school_fixed/vendor/laravel/framework/src/Illuminate/Log/LogManager.php:225)
[stacktrace]
#0 C:/Users/Pro Book/Desktop/school_fixed/vendor/laravel/framework/src/Illuminate/Log/LogManager.php(137): Illuminate/Log/LogManager->resolve('flare', Array)
#1 C:/Users/Pro Book/Desktop/school_fixed/vendor/laravel/framework/src/Illuminate/Log/LogManager.php(124): Illuminate/Log/LogManager->get('flare')
#2 C:/Users/Pro Book/Desktop/school_fixed/vendor/laravel/framework/src/Illuminate/Log/LogManager.php(113): Illuminate/Log/LogManager->driver('flare')
#3 C:/Users/Pro Book/Desktop/school_fixed/vendor/laravel/framework/src/Illuminate/Log/LogManager.php(273): Illuminate/Log/LogManager->channel('flare')
#4 [internal function]: Illuminate/Log/LogManager->Illuminate/Log/{closure}('flare', 1)
#5 C:/Users/Pro Book/Desktop/school_fixed/vendor/laravel/framework/src/Illuminate/Collections/Arr.php(600): array_map(Object(Closure), Array, Array)
#6 C:/Users/Pro Book/Desktop/school_fixed/vendor/laravel/framework/src/Illuminate/Collections/Collection.php(778): Illuminate/Support/Arr::map(Array, Object(Closure))
#7 C:/Users/Pro Book/Desktop/school_fixed/vendor/laravel/framework/src/Illuminate/Collections/Traits/EnumeratesValues.php(404): Illuminate/Support/Collection->map(Object(Closure))
#8 C:/Users/Pro Book/Desktop/school_fixed/vendor/laravel/framework/src/Illuminate/Log/LogManager.php(270): Illuminate/Support/Collection->flatMap(Object(Closure))
#9 C:/Users/Pro Book/Desktop/school_fixed/vendor/laravel/framework/src/Illuminate/Log/LogManager.php(222): Illuminate/Log/LogManager->createStackDriver(Array)
#10 C:/Users/Pro Book/Desktop/school_fixed/vendor/laravel/framework/src/Illuminate/Log/LogManager.php(137): Illuminate/Log/LogManager->resolve('stack', Array)
#11 C:/Users/Pro Book/Desktop/school_fixed/vendor/laravel/framework/src/Illuminate/Log/LogManager.php(124): Illuminate/Log/LogManager->get('stack')
#12 C:/Users/Pro Book/Desktop/school_fixed/vendor/laravel/framework/src/Illuminate/Log/LogManager.php(681): Illuminate/Log/LogManager->driver()
#13 C:/Users/Pro Book/Desktop/school_fixed/vendor/laravel/framework/src/Illuminate/Foundation/Exceptions/Handler.php(317): Illuminate/Log/LogManager->error('include(C://User...', Array)
#14 C:/Users/Pro Book/Desktop/school_fixed/vendor/laravel/framework/src/Illuminate/Foundation/Exceptions/Handler.php(278): Illuminate/Foundation/Exceptions/Handler->reportThrowable(Object(ErrorException))
#15 C:/Users/Pro Book/Desktop/school_fixed/vendor/laravel/framework/src/Illuminate/Foundation/Console/Kernel.php(523): Illuminate/Foundation/Exceptions/Handler->report(Object(ErrorException))
#16 C:/Users/Pro Book/Desktop/school_fixed/vendor/laravel/framework/src/Illuminate/Foundation/Console/Kernel.php(203): Illuminate/Foundation/Console/Kernel->reportException(Object(ErrorException))
#17 Command line code(1): Illuminate/Foundation/Console/Kernel->handle(Object(Symfony/Component/Console/Input/ArgvInput), Object(Symfony/Component/Console/Output/ConsoleOutput))
#18 {main}
"} 
[2026-06-04 11:25:14] local.ERROR: include(C:\Users\Pro Book\Desktop\school_fixed\vendor\composer/../laravel/framework/src/Illuminate/Contracts/Broadcasting/HasBroadcastChannel.php): Failed to open stream: No such file or directory {"exception":"[object] (ErrorException(code: 0): include(C:\\Users\\Pro Book\\Desktop\\school_fixed\\vendor\\composer/../laravel/framework/src/Illuminate/Contracts/Broadcasting/HasBroadcastChannel.php): Failed to open stream: No such file or directory at C:/Users/Pro Book/Desktop/school_fixed/vendor/composer/ClassLoader.php:576)
[stacktrace]
#0 C:/Users/Pro Book/Desktop/school_fixed/vendor/laravel/framework/src/Illuminate/Foundation/Bootstrap/HandleExceptions.php(255): Illuminate/Foundation/Bootstrap/HandleExceptions->handleError(2, 'include(C://User...', 'C://Users//Pro Bo...', 576)
#1 C:/Users/Pro Book/Desktop/school_fixed/vendor/composer/ClassLoader.php(576): Illuminate/Foundation/Bootstrap/HandleExceptions->Illuminate/Foundation/Bootstrap/{closure}(2, 'include(C://User...', 'C://Users//Pro Bo...', 576)
#2 C:/Users/Pro Book/Desktop/school_fixed/vendor/composer/ClassLoader.php(576): include('C://Users//Pro Bo...')
#3 C:/Users/Pro Book/Desktop/school_fixed/vendor/composer/ClassLoader.php(427): Composer/Autoload/{closure}('C://Users//Pro Bo...')
#4 C:/Users/Pro Book/Desktop/school_fixed/vendor/laravel/framework/src/Illuminate/Database/Eloquent/Model.php(27): Composer/Autoload/ClassLoader->loadClass('Illuminate//Cont...')
#5 C:/Users/Pro Book/Desktop/school_fixed/vendor/composer/ClassLoader.php(576): include('C://Users//Pro Bo...')
#6 C:/Users/Pro Book/Desktop/school_fixed/vendor/composer/ClassLoader.php(427): Composer/Autoload/{closure}('C://Users//Pro Bo...')
#7 C:/Users/Pro Book/Desktop/school_fixed/vendor/laravel/framework/src/Illuminate/Database/DatabaseServiceProvider.php(41): Composer/Autoload/ClassLoader->loadClass('Illuminate//Data...')
#8 C:/Users/Pro Book/Desktop/school_fixed/vendor/laravel/framework/src/Illuminate/Foundation/Application.php(817): Illuminate/Database/DatabaseServiceProvider->register()
#9 C:/Users/Pro Book/Desktop/school_fixed/vendor/laravel/framework/src/Illuminate/Foundation/ProviderRepository.php(75): Illuminate/Foundation/Application->register(Object(Illuminate/Database/DatabaseServiceProvider))
#10 C:/Users/Pro Book/Desktop/school_fixed/vendor/laravel/framework/src/Illuminate/Foundation/Application.php(794): Illuminate/Foundation/ProviderRepository->load(Array)
#11 C:/Users/Pro Book/Desktop/school_fixed/vendor/laravel/framework/src/Illuminate/Foundation/Bootstrap/RegisterProviders.php(17): Illuminate/Foundation/Application->registerConfiguredProviders()
#12 C:/Users/Pro Book/Desktop/school_fixed/vendor/laravel/framework/src/Illuminate/Foundation/Application.php(286): Illuminate/Foundation/Bootstrap/RegisterProviders->bootstrap(Object(Illuminate/Foundation/Application))
#13 C:/Users/Pro Book/Desktop/school_fixed/vendor/laravel/framework/src/Illuminate/Foundation/Console/Kernel.php(447): Illuminate/Foundation/Application->bootstrapWith(Array)
#14 C:/Users/Pro Book/Desktop/school_fixed/vendor/laravel/framework/src/Illuminate/Foundation/Console/Kernel.php(199): Illuminate/Foundation/Console/Kernel->bootstrap()
#15 Command line code(1): Illuminate/Foundation/Console/Kernel->handle(Object(Symfony/Component/Console/Input/ArgvInput), Object(Symfony/Component/Console/Output/ConsoleOutput))
#16 {main}
"} 
